<?xml version="1.0" encoding="UTF-8"?>
<!-- Generated by org.testng.reporters.JUnitReportReporter -->
<testsuite hostname="DESKTOP-HS53FVT" name="com.automation.demo.Demo.FirstTest" tests="1" failures="0" timestamp="26 Sep 2018 14:37:50 GMT" time="10.830" errors="0">
  <testcase name="firstTest" time="10.830" classname="com.automation.demo.Demo.FirstTest"/>
</testsuite> <!-- com.automation.demo.Demo.FirstTest -->
